<?xml version="1.0" encoding="UTF-8"?>
<!-- Generated by org.testng.reporters.JUnitXMLReporter -->
<testsuite hostname="Deepak-PC" ignored="0" tests="11" failures="0" timestamp="2020-06-30T20:49:31 IST" time="0.141" errors="0">
  <testcase name="f4Test" time="0.011" classname="SecondTest"/>
  <testcase name="f5Test" time="0.005" classname="SecondTest"/>
  <testcase name="f6Test" time="0.003" classname="SecondTest"/>
  <testcase name="f7Test" time="0.004" classname="SecondTest"/>
  <testcase name="f1Test" time="0.003" classname="NewTest"/>
  <testcase name="f2Test" time="0.014" classname="NewTest"/>
  <testcase name="f3Test" time="0.002" classname="NewTest"/>
  <testcase name="fTest" time="0.003" classname="NewTest"/>
  <testcase name="f10Test" time="0.005" classname="ThirdTest"/>
  <testcase name="f8Test" time="0.003" classname="ThirdTest"/>
  <testcase name="f9Test" time="0.003" classname="ThirdTest"/>
</testsuite>
