<?xml version="1.0" encoding="UTF-8"?>
<!-- Generated by org.testng.reporters.JUnitXMLReporter -->
<testsuite hostname="Deepak-PC" name="Test" tests="8" failures="0" timestamp="30 Jun 2020 16:37:15 GMT" time="0.035" errors="0">
  <testcase name="f4Test" time="0.009" classname="Demo.SecondTest"/>
  <testcase name="f5Test" time="0.0" classname="Demo.SecondTest"/>
  <testcase name="f6Test" time="0.0" classname="Demo.SecondTest"/>
  <testcase name="f7Test" time="0.001" classname="Demo.SecondTest"/>
  <testcase name="f1Test" time="0.0" classname="Demo.NewTest"/>
  <testcase name="f2Test" time="0.001" classname="Demo.NewTest"/>
  <testcase name="f3Test" time="0.0" classname="Demo.NewTest"/>
  <testcase name="fTest" time="0.0" classname="Demo.NewTest"/>
</testsuite> <!-- Test -->
