<?xml version="1.0" encoding="UTF-8"?>
<testsuite xmlns:xsi="http://www.w3.org/2001/XMLSchema-instance" xsi:noNamespaceSchemaLocation="https://maven.apache.org/surefire/maven-surefire-plugin/xsd/surefire-test-report-3.0.xsd" version="3.0" name="TestSuite" time="0.659" tests="8" errors="0" skipped="0" failures="0">
  <properties>
[...]
</properties>
  <testcase name="f4Test" classname="Demo.SecondTest" time="0.013">
    <system-out><![CDATA[Hi
]]></system-out>
  </testcase>
  <testcase name="f5Test" classname="Demo.SecondTest" time="0">
    <system-out><![CDATA[Hi
]]></system-out>
  </testcase>
  <testcase name="f6Test" classname="Demo.SecondTest" time="0">
    <system-out><![CDATA[Hi
]]></system-out>
  </testcase>
  <testcase name="f7Test" classname="Demo.SecondTest" time="0">
    <system-out><![CDATA[Hi
]]></system-out>
  </testcase>
  <testcase name="f1Test" classname="Demo.NewTest" time="0">
    <system-out><![CDATA[Hi
]]></system-out>
  </testcase>
  <testcase name="f2Test" classname="Demo.NewTest" time="0.001">
    <system-out><![CDATA[Hi
]]></system-out>
  </testcase>
  <testcase name="f3Test" classname="Demo.NewTest" time="0.001">
    <system-out><![CDATA[Hi
]]></system-out>
  </testcase>
  <testcase name="fTest" classname="Demo.NewTest" time="0">
    <system-out><![CDATA[Hi
]]></system-out>
  </testcase>
</testsuite>